<?xml version='1.0' encoding='UTF-8' ?>
<testsuite name="com.desafiolatam.weatherlatam.DatabaseTestDelete" tests="1" failures="0" errors="0" skipped="0" time="1.004" timestamp="2024-12-05T07:06:23" hostname="localhost">
  <properties>
    <property name="device" value="Cucho_AVD(AVD) - 13" />
    <property name="flavor" value="" />
    <property name="project" value=":app" />
  </properties>
  <testcase name="addAndDeleteById" classname="com.desafiolatam.weatherlatam.DatabaseTestDelete" time="0.326" />
</testsuite>